==================================================
Inicio do modo continuo: 2026-06-17 02:22:42
==================================================
[2026-06-17 02:22:42] Iniciando nova execucao...
Preparando ambiente...

============================================================
SIMULACAO PV-FIRST COM JOB DO SIMGRID
============================================================

Fluxo da simulacao:
1) o SimGrid executa o job e mede a energia exigida pelo host
2) eu calculo a energia solar disponivel com base no local e no clima
3) a politica PV-First tenta atender primeiro o job com a placa

Digite a carga do job em FLOPs (ex: 5e10).
Se quiser usar o valor padrao, e so apertar Enter: 
-------------------- DADOS DO LOCAL --------------------
Cidade detectada : Belém
Latitude         : -1.345
Longitude        : -48.4219
Hora local       : 02:22:55
Dia do ano       : 168

------------------ CONDICOES DO CLIMA ------------------
Cobertura nuvens : 3 %
Chuva            : 0 mm
Temperatura      : 24.5 C
Vento            : 6.8 km/h

----------------- CONFIGURACAO DO PAINEL ----------------
Material          : monocrystalline
Face do painel    : monofacial
Area do painel    : 10 m2
Eficiencia base   : 0.2
Ganho bifacial    : 1.1
Fator do material : 1

----------------- MODELO FOTOVOLTAICO ------------------
Irradiancia teorica      : 0 W/m2
Irradiancia ajustada     : 0 W/m2
Eficiencia base efetiva  : 0.2
Eficiencia final arranjo : 0.201088
Potencia PV disponivel   : 0 kW
Observacao: neste horario a irradiancia teorica ficou zerada.
Isso normalmente acontece porque o calculo caiu em periodo noturno ou muito proximo disso.

--------------------- JOB DO SIMGRID -------------------
Host usado           : hpc-node
Carga do job         : 5e+10 FLOPs
Velocidade do host   : 5e+10 flop/s
Duracao do job       : 1 s
Energia do job       : 250 J
Energia do job       : 6.94444e-05 kWh
Potencia media do job: 0.25 kW

-------------------- RESULTADO PV-FIRST ----------------
Energia total do job  : 6.94444e-05 kWh
Energia vinda da PV   : 0 kWh
Energia vinda da rede : 6.94444e-05 kWh
CO2 da parte da rede  : 0.00694444 gCO2

Leitura rapida do experimento:
- o job do SimGrid pediu 6.94444e-05 kWh no total
- a placa poderia entregar ate 0 kWh nesse mesmo intervalo
- a politica PV-First usou primeiro a energia solar e mandou o resto para a rede

Dados salvos em: results/RPVfirst170626.csv

============================================================
SIMULACAO FINALIZADA
============================================================
[2026-06-17 02:22:42] Execucao finalizada com sucesso.
[2026-06-17 02:22:42] Aguardando 60 segundos para a proxima execucao.
[2026-06-17 02:23:52] Iniciando nova execucao...
Preparando ambiente...

============================================================
SIMULACAO PV-FIRST COM JOB DO SIMGRID
============================================================

Fluxo da simulacao:
1) o SimGrid executa o job e mede a energia exigida pelo host
2) eu calculo a energia solar disponivel com base no local e no clima
3) a politica PV-First tenta atender primeiro o job com a placa

Digite a carga do job em FLOPs (ex: 5e10).
Se quiser usar o valor padrao, e so apertar Enter: 
-------------------- DADOS DO LOCAL --------------------
Cidade detectada : Belém
Latitude         : -1.345
Longitude        : -48.4219
Hora local       : 02:23:54
Dia do ano       : 168

------------------ CONDICOES DO CLIMA ------------------
Cobertura nuvens : 3 %
Chuva            : 0 mm
Temperatura      : 24.5 C
Vento            : 6.8 km/h

----------------- CONFIGURACAO DO PAINEL ----------------
Material          : monocrystalline
Face do painel    : monofacial
Area do painel    : 10 m2
Eficiencia base   : 0.2
Ganho bifacial    : 1.1
Fator do material : 1

----------------- MODELO FOTOVOLTAICO ------------------
Irradiancia teorica      : 0 W/m2
Irradiancia ajustada     : 0 W/m2
Eficiencia base efetiva  : 0.2
Eficiencia final arranjo : 0.201088
Potencia PV disponivel   : 0 kW
Observacao: neste horario a irradiancia teorica ficou zerada.
Isso normalmente acontece porque o calculo caiu em periodo noturno ou muito proximo disso.

--------------------- JOB DO SIMGRID -------------------
Host usado           : hpc-node
Carga do job         : 5e+10 FLOPs
Velocidade do host   : 5e+10 flop/s
Duracao do job       : 1 s
Energia do job       : 250 J
Energia do job       : 6.94444e-05 kWh
Potencia media do job: 0.25 kW

-------------------- RESULTADO PV-FIRST ----------------
Energia total do job  : 6.94444e-05 kWh
Energia vinda da PV   : 0 kWh
Energia vinda da rede : 6.94444e-05 kWh
CO2 da parte da rede  : 0.00694444 gCO2

Leitura rapida do experimento:
- o job do SimGrid pediu 6.94444e-05 kWh no total
- a placa poderia entregar ate 0 kWh nesse mesmo intervalo
- a politica PV-First usou primeiro a energia solar e mandou o resto para a rede

Dados salvos em: results/RPVfirst170626.csv

============================================================
SIMULACAO FINALIZADA
============================================================
[2026-06-17 02:23:52] Execucao finalizada com sucesso.
[2026-06-17 02:23:52] Aguardando 60 segundos para a proxima execucao.
